0 info it worked if it ends with ok
1 verbose cli [ 'C:\\Program Files\\nodejs\\node.exe',
1 verbose cli   'C:\\Program Files\\nodejs\\node_modules\\npm\\bin\\npm-cli.js',
1 verbose cli   'start' ]
2 info using npm@3.10.10
3 info using node@v6.10.0
4 verbose run-script [ 'prestart', 'start', 'poststart' ]
5 info lifecycle comet-chat@0.0.1~prestart: comet-chat@0.0.1
6 silly lifecycle comet-chat@0.0.1~prestart: no script for prestart, continuing
7 info lifecycle comet-chat@0.0.1~start: comet-chat@0.0.1
8 verbose lifecycle comet-chat@0.0.1~start: unsafe-perm in lifecycle true
9 verbose lifecycle comet-chat@0.0.1~start: PATH: C:\Program Files\nodejs\node_modules\npm\bin\node-gyp-bin;C:\Users\alex_\Documents\Visual Code\chat_comet\node_modules\.bin;C:\oraclexe\app\oracle\product\11.2.0\server\bin;C:\Users\alex_\AppData\Roaming\npm\node_modules\phantomjs-prebuilt\lib\phantom\bin\phantomjs.exe;C:\ProgramData\Oracle\Java\javapath;C:\Windows\system32;C:\Windows;C:\Windows\System32\Wbem;C:\Windows\System32\WindowsPowerShell\v1.0\;C:\Program Files (x86)\ATI Technologies\ATI.ACE\Core-Static;C:\Program Files\Java\jdk1.8.0_121\bin;C:\Windows\system32\config\systemprofile\.dnx\bin;C:\Program Files\Microsoft DNX\Dnvm\;C:\Program Files (x86)\Windows Kits\8.1\Windows Performance Toolkit\;C:\Program Files\Microsoft SQL Server\130\Tools\Binn\;C:\Program Files\nodejs\;C:\Program Files\Java\jdk1.8.0_121\bin;C:\Program Files\Java\jdk1.8.0_121;C:\maven\bin;C:\MinGW\bin;E:\facultate\SMCA\eclipse\plugins\org.apache.ant_1.9.2.v201404171502\bin;C:\Program Files (x86)\Oracle\Java Card Development Kit 3.0.5u1\bin;C:\Users\alex_\AppData\Local\Programs\Python\Python35\Scripts\;C:\Users\alex_\AppData\Local\Programs\Python\Python35\;C:\Users\alex_\AppData\Roaming\npm;C:\Program Files (x86)\Microsoft VS Code\bin;C:\Users\alex_\AppData\Local\Google\Cloud SDK\google-cloud-sdk\bin;C:\Users\alex_\AppData\Roaming\npm\node_modules\phantomjs-prebuilt\lib\phantom\bin
10 verbose lifecycle comet-chat@0.0.1~start: CWD: C:\Users\alex_\Documents\Visual Code\chat_comet
11 silly lifecycle comet-chat@0.0.1~start: Args: [ '/d /s /c', 'node server.js' ]
12 silly lifecycle comet-chat@0.0.1~start: Returned: code: 3221225786  signal: null
13 info lifecycle comet-chat@0.0.1~start: Failed to exec start script
14 verbose stack Error: comet-chat@0.0.1 start: `node server.js`
14 verbose stack Exit status 3221225786
14 verbose stack     at EventEmitter.<anonymous> (C:\Program Files\nodejs\node_modules\npm\lib\utils\lifecycle.js:255:16)
14 verbose stack     at emitTwo (events.js:106:13)
14 verbose stack     at EventEmitter.emit (events.js:191:7)
14 verbose stack     at ChildProcess.<anonymous> (C:\Program Files\nodejs\node_modules\npm\lib\utils\spawn.js:40:14)
14 verbose stack     at emitTwo (events.js:106:13)
14 verbose stack     at ChildProcess.emit (events.js:191:7)
14 verbose stack     at maybeClose (internal/child_process.js:877:16)
14 verbose stack     at Process.ChildProcess._handle.onexit (internal/child_process.js:226:5)
15 verbose pkgid comet-chat@0.0.1
16 verbose cwd C:\Users\alex_\Documents\Visual Code\chat_comet
17 error Windows_NT 10.0.10586
18 error argv "C:\\Program Files\\nodejs\\node.exe" "C:\\Program Files\\nodejs\\node_modules\\npm\\bin\\npm-cli.js" "start"
19 error node v6.10.0
20 error npm  v3.10.10
21 error code ELIFECYCLE
22 error comet-chat@0.0.1 start: `node server.js`
22 error Exit status 3221225786
23 error Failed at the comet-chat@0.0.1 start script 'node server.js'.
23 error Make sure you have the latest version of node.js and npm installed.
23 error If you do, this is most likely a problem with the comet-chat package,
23 error not with npm itself.
23 error Tell the author that this fails on your system:
23 error     node server.js
23 error You can get information on how to open an issue for this project with:
23 error     npm bugs comet-chat
23 error Or if that isn't available, you can get their info via:
23 error     npm owner ls comet-chat
23 error There is likely additional logging output above.
24 verbose exit [ 1, true ]
